[2022-05-01 17:41:41] [INFO] 
[2022-05-01 17:41:41] [INFO] ===================== start =====================
[2022-05-01 17:41:41] [INFO] C:/OldNew/Graphics-Lab/LuisaCompute/LuisaRender/cmake-build-release/bin/luisa-render-cli.exe    -b cuda -d 0 D:\OldNew\LuisaRender\record\RenderPerformance\LuisaRender\classroom\scene-WavePath-Independent-1920_1080-1024spp-12max_depth-RGB.luisa
[2022-05-01 17:42:37] [INFO] ['LuisaRender', 'classroom', 'cuda', 'WavePath', 'Independent', '(1920, 1080)', 1024, 12, 'RGB', '54.4s']
[2022-05-01 17:42:37] [INFO] C:/OldNew/Graphics-Lab/LuisaCompute/LuisaRender/cmake-build-release/bin/luisa-render-cli.exe    -b dx -d 0 D:\OldNew\LuisaRender\record\RenderPerformance\LuisaRender\classroom\scene-WavePath-Independent-1920_1080-1024spp-12max_depth-RGB.luisa
[2022-05-01 17:43:23] [INFO] ['LuisaRender', 'classroom', 'directX', 'WavePath', 'Independent', '(1920, 1080)', 1024, 12, 'RGB', '42.6s']
[2022-05-01 17:43:23] [INFO] C:/OldNew/Graphics-Lab/LuisaCompute/LuisaRender/cmake-build-release/bin/luisa-render-cli.exe    -b cuda -d 0 D:\OldNew\LuisaRender\record\RenderPerformance\LuisaRender\classroom\scene-WavePath-Independent-1920_1080-1024spp-12max_depth-Spectral.luisa
[2022-05-01 17:45:04] [INFO] ['LuisaRender', 'classroom', 'cuda', 'WavePath', 'Independent', '(1920, 1080)', 1024, 12, 'Spectral', '84.7s']
[2022-05-01 17:45:04] [INFO] C:/OldNew/Graphics-Lab/LuisaCompute/LuisaRender/cmake-build-release/bin/luisa-render-cli.exe    -b dx -d 0 D:\OldNew\LuisaRender\record\RenderPerformance\LuisaRender\classroom\scene-WavePath-Independent-1920_1080-1024spp-12max_depth-Spectral.luisa
[2022-05-01 17:46:10] [INFO] ['LuisaRender', 'classroom', 'directX', 'WavePath', 'Independent', '(1920, 1080)', 1024, 12, 'Spectral', '60.6s']
[2022-05-01 17:46:10] [INFO] C:/OldNew/Graphics-Lab/LuisaCompute/LuisaRender/cmake-build-release/bin/luisa-render-cli.exe    -b cuda -d 0 D:\OldNew\LuisaRender\record\RenderPerformance\LuisaRender\classroom\scene-WavePath-Independent-1920_1080-1024spp-16max_depth-RGB.luisa
[2022-05-01 17:47:38] [INFO] ['LuisaRender', 'classroom', 'cuda', 'WavePath', 'Independent', '(1920, 1080)', 1024, 16, 'RGB', '75.8s']
[2022-05-01 17:47:38] [INFO] C:/OldNew/Graphics-Lab/LuisaCompute/LuisaRender/cmake-build-release/bin/luisa-render-cli.exe    -b dx -d 0 D:\OldNew\LuisaRender\record\RenderPerformance\LuisaRender\classroom\scene-WavePath-Independent-1920_1080-1024spp-16max_depth-RGB.luisa
[2022-05-01 17:48:38] [INFO] ['LuisaRender', 'classroom', 'directX', 'WavePath', 'Independent', '(1920, 1080)', 1024, 16, 'RGB', '55.9s']
[2022-05-01 17:48:38] [INFO] C:/OldNew/Graphics-Lab/LuisaCompute/LuisaRender/cmake-build-release/bin/luisa-render-cli.exe    -b cuda -d 0 D:\OldNew\LuisaRender\record\RenderPerformance\LuisaRender\classroom\scene-WavePath-Independent-1920_1080-1024spp-16max_depth-Spectral.luisa
[2022-05-01 17:50:45] [INFO] ['LuisaRender', 'classroom', 'cuda', 'WavePath', 'Independent', '(1920, 1080)', 1024, 16, 'Spectral', '111.1s']
[2022-05-01 17:50:45] [INFO] C:/OldNew/Graphics-Lab/LuisaCompute/LuisaRender/cmake-build-release/bin/luisa-render-cli.exe    -b dx -d 0 D:\OldNew\LuisaRender\record\RenderPerformance\LuisaRender\classroom\scene-WavePath-Independent-1920_1080-1024spp-16max_depth-Spectral.luisa
[2022-05-01 17:52:08] [INFO] ['LuisaRender', 'classroom', 'directX', 'WavePath', 'Independent', '(1920, 1080)', 1024, 16, 'Spectral', '77.2s']
[2022-05-01 17:52:08] [INFO] C:/OldNew/Graphics-Lab/LuisaCompute/LuisaRender/cmake-build-release/bin/luisa-render-cli.exe    -b cuda -d 0 D:\OldNew\LuisaRender\record\RenderPerformance\LuisaRender\classroom\scene-MegaPath-Independent-1920_1080-1024spp-12max_depth-RGB.luisa
[2022-05-01 17:53:24] [INFO] ['LuisaRender', 'classroom', 'cuda', 'MegaPath', 'Independent', '(1920, 1080)', 1024, 12, 'RGB', '66.4s']
[2022-05-01 17:53:24] [INFO] C:/OldNew/Graphics-Lab/LuisaCompute/LuisaRender/cmake-build-release/bin/luisa-render-cli.exe    -b dx -d 0 D:\OldNew\LuisaRender\record\RenderPerformance\LuisaRender\classroom\scene-MegaPath-Independent-1920_1080-1024spp-12max_depth-RGB.luisa
[2022-05-01 17:54:02] [INFO] ['LuisaRender', 'classroom', 'directX', 'MegaPath', 'Independent', '(1920, 1080)', 1024, 12, 'RGB', '33.7s']
[2022-05-01 17:54:02] [INFO] C:/OldNew/Graphics-Lab/LuisaCompute/LuisaRender/cmake-build-release/bin/luisa-render-cli.exe    -b cuda -d 0 D:\OldNew\LuisaRender\record\RenderPerformance\LuisaRender\classroom\scene-MegaPath-Independent-1920_1080-1024spp-12max_depth-Spectral.luisa
[2022-05-01 17:55:50] [INFO] ['LuisaRender', 'classroom', 'cuda', 'MegaPath', 'Independent', '(1920, 1080)', 1024, 12, 'Spectral', '95.2s']
[2022-05-01 17:55:50] [INFO] C:/OldNew/Graphics-Lab/LuisaCompute/LuisaRender/cmake-build-release/bin/luisa-render-cli.exe    -b dx -d 0 D:\OldNew\LuisaRender\record\RenderPerformance\LuisaRender\classroom\scene-MegaPath-Independent-1920_1080-1024spp-12max_depth-Spectral.luisa
[2022-05-01 17:56:55] [INFO] ['LuisaRender', 'classroom', 'directX', 'MegaPath', 'Independent', '(1920, 1080)', 1024, 12, 'Spectral', '60.1s']
[2022-05-01 17:56:55] [INFO] C:/OldNew/Graphics-Lab/LuisaCompute/LuisaRender/cmake-build-release/bin/luisa-render-cli.exe    -b cuda -d 0 D:\OldNew\LuisaRender\record\RenderPerformance\LuisaRender\classroom\scene-MegaPath-Independent-1920_1080-1024spp-16max_depth-RGB.luisa
[2022-05-01 17:58:35] [INFO] ['LuisaRender', 'classroom', 'cuda', 'MegaPath', 'Independent', '(1920, 1080)', 1024, 16, 'RGB', '89.6s']
[2022-05-01 17:58:35] [INFO] C:/OldNew/Graphics-Lab/LuisaCompute/LuisaRender/cmake-build-release/bin/luisa-render-cli.exe    -b dx -d 0 D:\OldNew\LuisaRender\record\RenderPerformance\LuisaRender\classroom\scene-MegaPath-Independent-1920_1080-1024spp-16max_depth-RGB.luisa
[2022-05-01 17:59:23] [INFO] ['LuisaRender', 'classroom', 'directX', 'MegaPath', 'Independent', '(1920, 1080)', 1024, 16, 'RGB', '43.6s']
[2022-05-01 17:59:23] [INFO] C:/OldNew/Graphics-Lab/LuisaCompute/LuisaRender/cmake-build-release/bin/luisa-render-cli.exe    -b cuda -d 0 D:\OldNew\LuisaRender\record\RenderPerformance\LuisaRender\classroom\scene-MegaPath-Independent-1920_1080-1024spp-16max_depth-Spectral.luisa
[2022-05-01 18:01:41] [INFO] ['LuisaRender', 'classroom', 'cuda', 'MegaPath', 'Independent', '(1920, 1080)', 1024, 16, 'Spectral', '125.9s']
[2022-05-01 18:01:41] [INFO] C:/OldNew/Graphics-Lab/LuisaCompute/LuisaRender/cmake-build-release/bin/luisa-render-cli.exe    -b dx -d 0 D:\OldNew\LuisaRender\record\RenderPerformance\LuisaRender\classroom\scene-MegaPath-Independent-1920_1080-1024spp-16max_depth-Spectral.luisa
[2022-05-01 18:03:04] [INFO] ['LuisaRender', 'classroom', 'directX', 'MegaPath', 'Independent', '(1920, 1080)', 1024, 16, 'Spectral', '77.8s']
[2022-05-01 18:03:04] [INFO] C:/OldNew/Graphics-Lab/LuisaCompute/LuisaRender/cmake-build-release/bin/luisa-render-cli.exe    -b cuda -d 0 D:\OldNew\LuisaRender\record\RenderPerformance\LuisaRender\dining-room\scene-WavePath-Independent-1920_1080-1024spp-12max_depth-RGB.luisa
[2022-05-01 18:03:49] [INFO] ['LuisaRender', 'dining-room', 'cuda', 'WavePath', 'Independent', '(1920, 1080)', 1024, 12, 'RGB', '37.9s']
[2022-05-01 18:03:49] [INFO] C:/OldNew/Graphics-Lab/LuisaCompute/LuisaRender/cmake-build-release/bin/luisa-render-cli.exe    -b dx -d 0 D:\OldNew\LuisaRender\record\RenderPerformance\LuisaRender\dining-room\scene-WavePath-Independent-1920_1080-1024spp-12max_depth-RGB.luisa
[2022-05-01 18:04:27] [INFO] ['LuisaRender', 'dining-room', 'directX', 'WavePath', 'Independent', '(1920, 1080)', 1024, 12, 'RGB', '34.5s']
[2022-05-01 18:04:27] [INFO] C:/OldNew/Graphics-Lab/LuisaCompute/LuisaRender/cmake-build-release/bin/luisa-render-cli.exe    -b cuda -d 0 D:\OldNew\LuisaRender\record\RenderPerformance\LuisaRender\dining-room\scene-WavePath-Independent-1920_1080-1024spp-12max_depth-Spectral.luisa
[2022-05-01 18:05:29] [INFO] ['LuisaRender', 'dining-room', 'cuda', 'WavePath', 'Independent', '(1920, 1080)', 1024, 12, 'Spectral', '53.2s']
[2022-05-01 18:05:29] [INFO] C:/OldNew/Graphics-Lab/LuisaCompute/LuisaRender/cmake-build-release/bin/luisa-render-cli.exe    -b dx -d 0 D:\OldNew\LuisaRender\record\RenderPerformance\LuisaRender\dining-room\scene-WavePath-Independent-1920_1080-1024spp-12max_depth-Spectral.luisa
[2022-05-01 18:06:16] [INFO] ['LuisaRender', 'dining-room', 'directX', 'WavePath', 'Independent', '(1920, 1080)', 1024, 12, 'Spectral', '43.7s']
[2022-05-01 18:06:16] [INFO] C:/OldNew/Graphics-Lab/LuisaCompute/LuisaRender/cmake-build-release/bin/luisa-render-cli.exe    -b cuda -d 0 D:\OldNew\LuisaRender\record\RenderPerformance\LuisaRender\dining-room\scene-WavePath-Independent-1920_1080-1024spp-16max_depth-RGB.luisa
[2022-05-01 18:07:14] [INFO] ['LuisaRender', 'dining-room', 'cuda', 'WavePath', 'Independent', '(1920, 1080)', 1024, 16, 'RGB', '52.0s']
[2022-05-01 18:07:14] [INFO] C:/OldNew/Graphics-Lab/LuisaCompute/LuisaRender/cmake-build-release/bin/luisa-render-cli.exe    -b dx -d 0 D:\OldNew\LuisaRender\record\RenderPerformance\LuisaRender\dining-room\scene-WavePath-Independent-1920_1080-1024spp-16max_depth-RGB.luisa
[2022-05-01 18:08:04] [INFO] ['LuisaRender', 'dining-room', 'directX', 'WavePath', 'Independent', '(1920, 1080)', 1024, 16, 'RGB', '46.7s']
[2022-05-01 18:08:04] [INFO] C:/OldNew/Graphics-Lab/LuisaCompute/LuisaRender/cmake-build-release/bin/luisa-render-cli.exe    -b cuda -d 0 D:\OldNew\LuisaRender\record\RenderPerformance\LuisaRender\dining-room\scene-WavePath-Independent-1920_1080-1024spp-16max_depth-Spectral.luisa
[2022-05-01 18:09:22] [INFO] ['LuisaRender', 'dining-room', 'cuda', 'WavePath', 'Independent', '(1920, 1080)', 1024, 16, 'Spectral', '69.7s']
[2022-05-01 18:09:22] [INFO] C:/OldNew/Graphics-Lab/LuisaCompute/LuisaRender/cmake-build-release/bin/luisa-render-cli.exe    -b dx -d 0 D:\OldNew\LuisaRender\record\RenderPerformance\LuisaRender\dining-room\scene-WavePath-Independent-1920_1080-1024spp-16max_depth-Spectral.luisa
[2022-05-01 18:10:23] [INFO] ['LuisaRender', 'dining-room', 'directX', 'WavePath', 'Independent', '(1920, 1080)', 1024, 16, 'Spectral', '58.0s']
[2022-05-01 18:10:23] [INFO] C:/OldNew/Graphics-Lab/LuisaCompute/LuisaRender/cmake-build-release/bin/luisa-render-cli.exe    -b cuda -d 0 D:\OldNew\LuisaRender\record\RenderPerformance\LuisaRender\dining-room\scene-MegaPath-Independent-1920_1080-1024spp-12max_depth-RGB.luisa
[2022-05-01 18:11:09] [INFO] ['LuisaRender', 'dining-room', 'cuda', 'MegaPath', 'Independent', '(1920, 1080)', 1024, 12, 'RGB', '40.4s']
[2022-05-01 18:11:09] [INFO] C:/OldNew/Graphics-Lab/LuisaCompute/LuisaRender/cmake-build-release/bin/luisa-render-cli.exe    -b dx -d 0 D:\OldNew\LuisaRender\record\RenderPerformance\LuisaRender\dining-room\scene-MegaPath-Independent-1920_1080-1024spp-12max_depth-RGB.luisa
[2022-05-01 18:11:32] [INFO] ['LuisaRender', 'dining-room', 'directX', 'MegaPath', 'Independent', '(1920, 1080)', 1024, 12, 'RGB', '19.9s']
[2022-05-01 18:11:32] [INFO] C:/OldNew/Graphics-Lab/LuisaCompute/LuisaRender/cmake-build-release/bin/luisa-render-cli.exe    -b cuda -d 0 D:\OldNew\LuisaRender\record\RenderPerformance\LuisaRender\dining-room\scene-MegaPath-Independent-1920_1080-1024spp-12max_depth-Spectral.luisa
[2022-05-01 18:13:09] [INFO] ['LuisaRender', 'dining-room', 'cuda', 'MegaPath', 'Independent', '(1920, 1080)', 1024, 12, 'Spectral', '90.1s']
[2022-05-01 18:13:09] [INFO] C:/OldNew/Graphics-Lab/LuisaCompute/LuisaRender/cmake-build-release/bin/luisa-render-cli.exe    -b dx -d 0 D:\OldNew\LuisaRender\record\RenderPerformance\LuisaRender\dining-room\scene-MegaPath-Independent-1920_1080-1024spp-12max_depth-Spectral.luisa
[2022-05-01 18:13:51] [INFO] ['LuisaRender', 'dining-room', 'directX', 'MegaPath', 'Independent', '(1920, 1080)', 1024, 12, 'Spectral', '38.6s']
[2022-05-01 18:13:51] [INFO] C:/OldNew/Graphics-Lab/LuisaCompute/LuisaRender/cmake-build-release/bin/luisa-render-cli.exe    -b cuda -d 0 D:\OldNew\LuisaRender\record\RenderPerformance\LuisaRender\dining-room\scene-MegaPath-Independent-1920_1080-1024spp-16max_depth-RGB.luisa
[2022-05-01 18:14:52] [INFO] ['LuisaRender', 'dining-room', 'cuda', 'MegaPath', 'Independent', '(1920, 1080)', 1024, 16, 'RGB', '54.5s']
[2022-05-01 18:14:52] [INFO] C:/OldNew/Graphics-Lab/LuisaCompute/LuisaRender/cmake-build-release/bin/luisa-render-cli.exe    -b dx -d 0 D:\OldNew\LuisaRender\record\RenderPerformance\LuisaRender\dining-room\scene-MegaPath-Independent-1920_1080-1024spp-16max_depth-RGB.luisa
[2022-05-01 18:15:20] [INFO] ['LuisaRender', 'dining-room', 'directX', 'MegaPath', 'Independent', '(1920, 1080)', 1024, 16, 'RGB', '25.8s']
[2022-05-01 18:15:20] [INFO] C:/OldNew/Graphics-Lab/LuisaCompute/LuisaRender/cmake-build-release/bin/luisa-render-cli.exe    -b cuda -d 0 D:\OldNew\LuisaRender\record\RenderPerformance\LuisaRender\dining-room\scene-MegaPath-Independent-1920_1080-1024spp-16max_depth-Spectral.luisa
[2022-05-01 18:17:23] [INFO] ['LuisaRender', 'dining-room', 'cuda', 'MegaPath', 'Independent', '(1920, 1080)', 1024, 16, 'Spectral', '115.5s']
[2022-05-01 18:17:23] [INFO] C:/OldNew/Graphics-Lab/LuisaCompute/LuisaRender/cmake-build-release/bin/luisa-render-cli.exe    -b dx -d 0 D:\OldNew\LuisaRender\record\RenderPerformance\LuisaRender\dining-room\scene-MegaPath-Independent-1920_1080-1024spp-16max_depth-Spectral.luisa
[2022-05-01 18:18:15] [INFO] ['LuisaRender', 'dining-room', 'directX', 'MegaPath', 'Independent', '(1920, 1080)', 1024, 16, 'Spectral', '48.9s']
[2022-05-01 18:18:15] [INFO] C:/OldNew/Graphics-Lab/LuisaCompute/LuisaRender/cmake-build-release/bin/luisa-render-cli.exe    -b cuda -d 0 D:\OldNew\LuisaRender\record\RenderPerformance\LuisaRender\coffee\scene-WavePath-Independent-800_1000-1024spp-12max_depth-RGB.luisa
[2022-05-01 18:18:30] [INFO] ['LuisaRender', 'coffee', 'cuda', 'WavePath', 'Independent', '(800, 1000)', 1024, 12, 'RGB', '5.6s']
[2022-05-01 18:18:30] [INFO] C:/OldNew/Graphics-Lab/LuisaCompute/LuisaRender/cmake-build-release/bin/luisa-render-cli.exe    -b dx -d 0 D:\OldNew\LuisaRender\record\RenderPerformance\LuisaRender\coffee\scene-WavePath-Independent-800_1000-1024spp-12max_depth-RGB.luisa
[2022-05-01 18:18:36] [INFO] ['LuisaRender', 'coffee', 'directX', 'WavePath', 'Independent', '(800, 1000)', 1024, 12, 'RGB', '3.1s']
[2022-05-01 18:18:36] [INFO] C:/OldNew/Graphics-Lab/LuisaCompute/LuisaRender/cmake-build-release/bin/luisa-render-cli.exe    -b cuda -d 0 D:\OldNew\LuisaRender\record\RenderPerformance\LuisaRender\coffee\scene-WavePath-Independent-800_1000-1024spp-12max_depth-Spectral.luisa
[2022-05-01 18:18:55] [INFO] ['LuisaRender', 'coffee', 'cuda', 'WavePath', 'Independent', '(800, 1000)', 1024, 12, 'Spectral', '8.8s']
[2022-05-01 18:18:55] [INFO] C:/OldNew/Graphics-Lab/LuisaCompute/LuisaRender/cmake-build-release/bin/luisa-render-cli.exe    -b dx -d 0 D:\OldNew\LuisaRender\record\RenderPerformance\LuisaRender\coffee\scene-WavePath-Independent-800_1000-1024spp-12max_depth-Spectral.luisa
[2022-05-01 18:19:03] [INFO] ['LuisaRender', 'coffee', 'directX', 'WavePath', 'Independent', '(800, 1000)', 1024, 12, 'Spectral', '4.5s']
[2022-05-01 18:19:03] [INFO] C:/OldNew/Graphics-Lab/LuisaCompute/LuisaRender/cmake-build-release/bin/luisa-render-cli.exe    -b cuda -d 0 D:\OldNew\LuisaRender\record\RenderPerformance\LuisaRender\coffee\scene-WavePath-Independent-800_1000-1024spp-16max_depth-RGB.luisa
[2022-05-01 18:19:17] [INFO] ['LuisaRender', 'coffee', 'cuda', 'WavePath', 'Independent', '(800, 1000)', 1024, 16, 'RGB', '6.5s']
[2022-05-01 18:19:17] [INFO] C:/OldNew/Graphics-Lab/LuisaCompute/LuisaRender/cmake-build-release/bin/luisa-render-cli.exe    -b dx -d 0 D:\OldNew\LuisaRender\record\RenderPerformance\LuisaRender\coffee\scene-WavePath-Independent-800_1000-1024spp-16max_depth-RGB.luisa
[2022-05-01 18:19:23] [INFO] ['LuisaRender', 'coffee', 'directX', 'WavePath', 'Independent', '(800, 1000)', 1024, 16, 'RGB', '3.4s']
[2022-05-01 18:19:23] [INFO] C:/OldNew/Graphics-Lab/LuisaCompute/LuisaRender/cmake-build-release/bin/luisa-render-cli.exe    -b cuda -d 0 D:\OldNew\LuisaRender\record\RenderPerformance\LuisaRender\coffee\scene-WavePath-Independent-800_1000-1024spp-16max_depth-Spectral.luisa
[2022-05-01 18:19:42] [INFO] ['LuisaRender', 'coffee', 'cuda', 'WavePath', 'Independent', '(800, 1000)', 1024, 16, 'Spectral', '10.4s']
[2022-05-01 18:19:42] [INFO] C:/OldNew/Graphics-Lab/LuisaCompute/LuisaRender/cmake-build-release/bin/luisa-render-cli.exe    -b dx -d 0 D:\OldNew\LuisaRender\record\RenderPerformance\LuisaRender\coffee\scene-WavePath-Independent-800_1000-1024spp-16max_depth-Spectral.luisa
[2022-05-01 18:19:50] [INFO] ['LuisaRender', 'coffee', 'directX', 'WavePath', 'Independent', '(800, 1000)', 1024, 16, 'Spectral', '4.9s']
[2022-05-01 18:19:50] [INFO] C:/OldNew/Graphics-Lab/LuisaCompute/LuisaRender/cmake-build-release/bin/luisa-render-cli.exe    -b cuda -d 0 D:\OldNew\LuisaRender\record\RenderPerformance\LuisaRender\coffee\scene-MegaPath-Independent-800_1000-1024spp-12max_depth-RGB.luisa
[2022-05-01 18:20:04] [INFO] ['LuisaRender', 'coffee', 'cuda', 'MegaPath', 'Independent', '(800, 1000)', 1024, 12, 'RGB', '6.7s']
[2022-05-01 18:20:04] [INFO] C:/OldNew/Graphics-Lab/LuisaCompute/LuisaRender/cmake-build-release/bin/luisa-render-cli.exe    -b dx -d 0 D:\OldNew\LuisaRender\record\RenderPerformance\LuisaRender\coffee\scene-MegaPath-Independent-800_1000-1024spp-12max_depth-RGB.luisa
[2022-05-01 18:20:15] [INFO] ['LuisaRender', 'coffee', 'directX', 'MegaPath', 'Independent', '(800, 1000)', 1024, 12, 'RGB', '6.1s']
[2022-05-01 18:20:15] [INFO] C:/OldNew/Graphics-Lab/LuisaCompute/LuisaRender/cmake-build-release/bin/luisa-render-cli.exe    -b cuda -d 0 D:\OldNew\LuisaRender\record\RenderPerformance\LuisaRender\coffee\scene-MegaPath-Independent-800_1000-1024spp-12max_depth-Spectral.luisa
[2022-05-01 18:20:38] [INFO] ['LuisaRender', 'coffee', 'cuda', 'MegaPath', 'Independent', '(800, 1000)', 1024, 12, 'Spectral', '14.2s']
[2022-05-01 18:20:38] [INFO] C:/OldNew/Graphics-Lab/LuisaCompute/LuisaRender/cmake-build-release/bin/luisa-render-cli.exe    -b dx -d 0 D:\OldNew\LuisaRender\record\RenderPerformance\LuisaRender\coffee\scene-MegaPath-Independent-800_1000-1024spp-12max_depth-Spectral.luisa
[2022-05-01 18:20:50] [INFO] ['LuisaRender', 'coffee', 'directX', 'MegaPath', 'Independent', '(800, 1000)', 1024, 12, 'Spectral', '8.5s']
[2022-05-01 18:20:50] [INFO] C:/OldNew/Graphics-Lab/LuisaCompute/LuisaRender/cmake-build-release/bin/luisa-render-cli.exe    -b cuda -d 0 D:\OldNew\LuisaRender\record\RenderPerformance\LuisaRender\coffee\scene-MegaPath-Independent-800_1000-1024spp-16max_depth-RGB.luisa
[2022-05-01 18:21:04] [INFO] ['LuisaRender', 'coffee', 'cuda', 'MegaPath', 'Independent', '(800, 1000)', 1024, 16, 'RGB', '7.9s']
[2022-05-01 18:21:04] [INFO] C:/OldNew/Graphics-Lab/LuisaCompute/LuisaRender/cmake-build-release/bin/luisa-render-cli.exe    -b dx -d 0 D:\OldNew\LuisaRender\record\RenderPerformance\LuisaRender\coffee\scene-MegaPath-Independent-800_1000-1024spp-16max_depth-RGB.luisa
[2022-05-01 18:21:16] [INFO] ['LuisaRender', 'coffee', 'directX', 'MegaPath', 'Independent', '(800, 1000)', 1024, 16, 'RGB', '6.8s']
[2022-05-01 18:21:16] [INFO] C:/OldNew/Graphics-Lab/LuisaCompute/LuisaRender/cmake-build-release/bin/luisa-render-cli.exe    -b cuda -d 0 D:\OldNew\LuisaRender\record\RenderPerformance\LuisaRender\coffee\scene-MegaPath-Independent-800_1000-1024spp-16max_depth-Spectral.luisa
[2022-05-01 18:21:41] [INFO] ['LuisaRender', 'coffee', 'cuda', 'MegaPath', 'Independent', '(800, 1000)', 1024, 16, 'Spectral', '15.7s']
[2022-05-01 18:21:41] [INFO] C:/OldNew/Graphics-Lab/LuisaCompute/LuisaRender/cmake-build-release/bin/luisa-render-cli.exe    -b dx -d 0 D:\OldNew\LuisaRender\record\RenderPerformance\LuisaRender\coffee\scene-MegaPath-Independent-800_1000-1024spp-16max_depth-Spectral.luisa
[2022-05-01 18:21:53] [INFO] ['LuisaRender', 'coffee', 'directX', 'MegaPath', 'Independent', '(800, 1000)', 1024, 16, 'Spectral', '9.4s']
[2022-05-01 18:21:53] [INFO] C:/OldNew/Graphics-Lab/LuisaCompute/LuisaRender/cmake-build-release/bin/luisa-render-cli.exe    -b cuda -d 0 D:\OldNew\LuisaRender\record\RenderPerformance\LuisaRender\glass-of-water\scene-WavePath-Independent-1920_1080-1024spp-12max_depth-RGB.luisa
[2022-05-01 18:22:20] [INFO] ['LuisaRender', 'glass-of-water', 'cuda', 'WavePath', 'Independent', '(1920, 1080)', 1024, 12, 'RGB', '19.0s']
[2022-05-01 18:22:20] [INFO] C:/OldNew/Graphics-Lab/LuisaCompute/LuisaRender/cmake-build-release/bin/luisa-render-cli.exe    -b dx -d 0 D:\OldNew\LuisaRender\record\RenderPerformance\LuisaRender\glass-of-water\scene-WavePath-Independent-1920_1080-1024spp-12max_depth-RGB.luisa
[2022-05-01 18:22:35] [INFO] ['LuisaRender', 'glass-of-water', 'directX', 'WavePath', 'Independent', '(1920, 1080)', 1024, 12, 'RGB', '10.9s']
[2022-05-01 18:22:35] [INFO] C:/OldNew/Graphics-Lab/LuisaCompute/LuisaRender/cmake-build-release/bin/luisa-render-cli.exe    -b cuda -d 0 D:\OldNew\LuisaRender\record\RenderPerformance\LuisaRender\glass-of-water\scene-WavePath-Independent-1920_1080-1024spp-12max_depth-Spectral.luisa
[2022-05-01 18:23:09] [INFO] ['LuisaRender', 'glass-of-water', 'cuda', 'WavePath', 'Independent', '(1920, 1080)', 1024, 12, 'Spectral', '24.4s']
[2022-05-01 18:23:09] [INFO] C:/OldNew/Graphics-Lab/LuisaCompute/LuisaRender/cmake-build-release/bin/luisa-render-cli.exe    -b dx -d 0 D:\OldNew\LuisaRender\record\RenderPerformance\LuisaRender\glass-of-water\scene-WavePath-Independent-1920_1080-1024spp-12max_depth-Spectral.luisa
[2022-05-01 18:23:28] [INFO] ['LuisaRender', 'glass-of-water', 'directX', 'WavePath', 'Independent', '(1920, 1080)', 1024, 12, 'Spectral', '15.2s']
[2022-05-01 18:23:28] [INFO] C:/OldNew/Graphics-Lab/LuisaCompute/LuisaRender/cmake-build-release/bin/luisa-render-cli.exe    -b cuda -d 0 D:\OldNew\LuisaRender\record\RenderPerformance\LuisaRender\glass-of-water\scene-WavePath-Independent-1920_1080-1024spp-16max_depth-RGB.luisa
[2022-05-01 18:23:57] [INFO] ['LuisaRender', 'glass-of-water', 'cuda', 'WavePath', 'Independent', '(1920, 1080)', 1024, 16, 'RGB', '21.9s']
[2022-05-01 18:23:57] [INFO] C:/OldNew/Graphics-Lab/LuisaCompute/LuisaRender/cmake-build-release/bin/luisa-render-cli.exe    -b dx -d 0 D:\OldNew\LuisaRender\record\RenderPerformance\LuisaRender\glass-of-water\scene-WavePath-Independent-1920_1080-1024spp-16max_depth-RGB.luisa
[2022-05-01 18:24:13] [INFO] ['LuisaRender', 'glass-of-water', 'directX', 'WavePath', 'Independent', '(1920, 1080)', 1024, 16, 'RGB', '11.9s']
[2022-05-01 18:24:13] [INFO] C:/OldNew/Graphics-Lab/LuisaCompute/LuisaRender/cmake-build-release/bin/luisa-render-cli.exe    -b cuda -d 0 D:\OldNew\LuisaRender\record\RenderPerformance\LuisaRender\glass-of-water\scene-WavePath-Independent-1920_1080-1024spp-16max_depth-Spectral.luisa
[2022-05-01 18:24:49] [INFO] ['LuisaRender', 'glass-of-water', 'cuda', 'WavePath', 'Independent', '(1920, 1080)', 1024, 16, 'Spectral', '28.3s']
[2022-05-01 18:24:49] [INFO] C:/OldNew/Graphics-Lab/LuisaCompute/LuisaRender/cmake-build-release/bin/luisa-render-cli.exe    -b dx -d 0 D:\OldNew\LuisaRender\record\RenderPerformance\LuisaRender\glass-of-water\scene-WavePath-Independent-1920_1080-1024spp-16max_depth-Spectral.luisa
[2022-05-01 18:25:10] [INFO] ['LuisaRender', 'glass-of-water', 'directX', 'WavePath', 'Independent', '(1920, 1080)', 1024, 16, 'Spectral', '16.4s']
[2022-05-01 18:25:10] [INFO] C:/OldNew/Graphics-Lab/LuisaCompute/LuisaRender/cmake-build-release/bin/luisa-render-cli.exe    -b cuda -d 0 D:\OldNew\LuisaRender\record\RenderPerformance\LuisaRender\glass-of-water\scene-MegaPath-Independent-1920_1080-1024spp-12max_depth-RGB.luisa
[2022-05-01 18:25:35] [INFO] ['LuisaRender', 'glass-of-water', 'cuda', 'MegaPath', 'Independent', '(1920, 1080)', 1024, 12, 'RGB', '19.4s']
[2022-05-01 18:25:35] [INFO] C:/OldNew/Graphics-Lab/LuisaCompute/LuisaRender/cmake-build-release/bin/luisa-render-cli.exe    -b dx -d 0 D:\OldNew\LuisaRender\record\RenderPerformance\LuisaRender\glass-of-water\scene-MegaPath-Independent-1920_1080-1024spp-12max_depth-RGB.luisa
[2022-05-01 18:25:54] [INFO] ['LuisaRender', 'glass-of-water', 'directX', 'MegaPath', 'Independent', '(1920, 1080)', 1024, 12, 'RGB', '12.8s']
[2022-05-01 18:25:54] [INFO] C:/OldNew/Graphics-Lab/LuisaCompute/LuisaRender/cmake-build-release/bin/luisa-render-cli.exe    -b cuda -d 0 D:\OldNew\LuisaRender\record\RenderPerformance\LuisaRender\glass-of-water\scene-MegaPath-Independent-1920_1080-1024spp-12max_depth-Spectral.luisa
[2022-05-01 18:26:39] [INFO] ['LuisaRender', 'glass-of-water', 'cuda', 'MegaPath', 'Independent', '(1920, 1080)', 1024, 12, 'Spectral', '37.0s']
[2022-05-01 18:26:39] [INFO] C:/OldNew/Graphics-Lab/LuisaCompute/LuisaRender/cmake-build-release/bin/luisa-render-cli.exe    -b dx -d 0 D:\OldNew\LuisaRender\record\RenderPerformance\LuisaRender\glass-of-water\scene-MegaPath-Independent-1920_1080-1024spp-12max_depth-Spectral.luisa
[2022-05-01 18:27:05] [INFO] ['LuisaRender', 'glass-of-water', 'directX', 'MegaPath', 'Independent', '(1920, 1080)', 1024, 12, 'Spectral', '21.9s']
[2022-05-01 18:27:05] [INFO] C:/OldNew/Graphics-Lab/LuisaCompute/LuisaRender/cmake-build-release/bin/luisa-render-cli.exe    -b cuda -d 0 D:\OldNew\LuisaRender\record\RenderPerformance\LuisaRender\glass-of-water\scene-MegaPath-Independent-1920_1080-1024spp-16max_depth-RGB.luisa
[2022-05-01 18:27:33] [INFO] ['LuisaRender', 'glass-of-water', 'cuda', 'MegaPath', 'Independent', '(1920, 1080)', 1024, 16, 'RGB', '21.7s']
[2022-05-01 18:27:33] [INFO] C:/OldNew/Graphics-Lab/LuisaCompute/LuisaRender/cmake-build-release/bin/luisa-render-cli.exe    -b dx -d 0 D:\OldNew\LuisaRender\record\RenderPerformance\LuisaRender\glass-of-water\scene-MegaPath-Independent-1920_1080-1024spp-16max_depth-RGB.luisa
[2022-05-01 18:27:53] [INFO] ['LuisaRender', 'glass-of-water', 'directX', 'MegaPath', 'Independent', '(1920, 1080)', 1024, 16, 'RGB', '14.1s']
[2022-05-01 18:27:53] [INFO] C:/OldNew/Graphics-Lab/LuisaCompute/LuisaRender/cmake-build-release/bin/luisa-render-cli.exe    -b cuda -d 0 D:\OldNew\LuisaRender\record\RenderPerformance\LuisaRender\glass-of-water\scene-MegaPath-Independent-1920_1080-1024spp-16max_depth-Spectral.luisa
[2022-05-01 18:28:41] [INFO] ['LuisaRender', 'glass-of-water', 'cuda', 'MegaPath', 'Independent', '(1920, 1080)', 1024, 16, 'Spectral', '40.6s']
[2022-05-01 18:28:41] [INFO] C:/OldNew/Graphics-Lab/LuisaCompute/LuisaRender/cmake-build-release/bin/luisa-render-cli.exe    -b dx -d 0 D:\OldNew\LuisaRender\record\RenderPerformance\LuisaRender\glass-of-water\scene-MegaPath-Independent-1920_1080-1024spp-16max_depth-Spectral.luisa
[2022-05-01 18:29:08] [INFO] ['LuisaRender', 'glass-of-water', 'directX', 'MegaPath', 'Independent', '(1920, 1080)', 1024, 16, 'Spectral', '23.0s']
[2022-05-01 18:29:08] [INFO] C:/OldNew/Graphics-Lab/LuisaCompute/LuisaRender/cmake-build-release/bin/luisa-render-cli.exe    -b cuda -d 0 D:\OldNew\LuisaRender\record\RenderPerformance\LuisaRender\living-room\scene-WavePath-Independent-1920_1080-1024spp-12max_depth-RGB.luisa
[2022-05-01 18:30:06] [INFO] ['LuisaRender', 'living-room', 'cuda', 'WavePath', 'Independent', '(1920, 1080)', 1024, 12, 'RGB', '51.9s']
[2022-05-01 18:30:06] [INFO] C:/OldNew/Graphics-Lab/LuisaCompute/LuisaRender/cmake-build-release/bin/luisa-render-cli.exe    -b dx -d 0 D:\OldNew\LuisaRender\record\RenderPerformance\LuisaRender\living-room\scene-WavePath-Independent-1920_1080-1024spp-12max_depth-RGB.luisa
[2022-05-01 18:30:50] [INFO] ['LuisaRender', 'living-room', 'directX', 'WavePath', 'Independent', '(1920, 1080)', 1024, 12, 'RGB', '39.8s']
[2022-05-01 18:30:50] [INFO] C:/OldNew/Graphics-Lab/LuisaCompute/LuisaRender/cmake-build-release/bin/luisa-render-cli.exe    -b cuda -d 0 D:\OldNew\LuisaRender\record\RenderPerformance\LuisaRender\living-room\scene-WavePath-Independent-1920_1080-1024spp-12max_depth-Spectral.luisa
[2022-05-01 18:32:11] [INFO] ['LuisaRender', 'living-room', 'cuda', 'WavePath', 'Independent', '(1920, 1080)', 1024, 12, 'Spectral', '72.5s']
[2022-05-01 18:32:11] [INFO] C:/OldNew/Graphics-Lab/LuisaCompute/LuisaRender/cmake-build-release/bin/luisa-render-cli.exe    -b dx -d 0 D:\OldNew\LuisaRender\record\RenderPerformance\LuisaRender\living-room\scene-WavePath-Independent-1920_1080-1024spp-12max_depth-Spectral.luisa
[2022-05-01 18:33:08] [INFO] ['LuisaRender', 'living-room', 'directX', 'WavePath', 'Independent', '(1920, 1080)', 1024, 12, 'Spectral', '53.0s']
[2022-05-01 18:33:08] [INFO] C:/OldNew/Graphics-Lab/LuisaCompute/LuisaRender/cmake-build-release/bin/luisa-render-cli.exe    -b cuda -d 0 D:\OldNew\LuisaRender\record\RenderPerformance\LuisaRender\living-room\scene-WavePath-Independent-1920_1080-1024spp-16max_depth-RGB.luisa
[2022-05-01 18:34:21] [INFO] ['LuisaRender', 'living-room', 'cuda', 'WavePath', 'Independent', '(1920, 1080)', 1024, 16, 'RGB', '66.8s']
[2022-05-01 18:34:21] [INFO] C:/OldNew/Graphics-Lab/LuisaCompute/LuisaRender/cmake-build-release/bin/luisa-render-cli.exe    -b dx -d 0 D:\OldNew\LuisaRender\record\RenderPerformance\LuisaRender\living-room\scene-WavePath-Independent-1920_1080-1024spp-16max_depth-RGB.luisa
[2022-05-01 18:35:17] [INFO] ['LuisaRender', 'living-room', 'directX', 'WavePath', 'Independent', '(1920, 1080)', 1024, 16, 'RGB', '52.4s']
[2022-05-01 18:35:17] [INFO] C:/OldNew/Graphics-Lab/LuisaCompute/LuisaRender/cmake-build-release/bin/luisa-render-cli.exe    -b cuda -d 0 D:\OldNew\LuisaRender\record\RenderPerformance\LuisaRender\living-room\scene-WavePath-Independent-1920_1080-1024spp-16max_depth-Spectral.luisa
[2022-05-01 18:36:58] [INFO] ['LuisaRender', 'living-room', 'cuda', 'WavePath', 'Independent', '(1920, 1080)', 1024, 16, 'Spectral', '93.1s']
[2022-05-01 18:36:58] [INFO] C:/OldNew/Graphics-Lab/LuisaCompute/LuisaRender/cmake-build-release/bin/luisa-render-cli.exe    -b dx -d 0 D:\OldNew\LuisaRender\record\RenderPerformance\LuisaRender\living-room\scene-WavePath-Independent-1920_1080-1024spp-16max_depth-Spectral.luisa
[2022-05-01 18:38:10] [INFO] ['LuisaRender', 'living-room', 'directX', 'WavePath', 'Independent', '(1920, 1080)', 1024, 16, 'Spectral', '68.8s']
[2022-05-01 18:38:10] [INFO] C:/OldNew/Graphics-Lab/LuisaCompute/LuisaRender/cmake-build-release/bin/luisa-render-cli.exe    -b cuda -d 0 D:\OldNew\LuisaRender\record\RenderPerformance\LuisaRender\living-room\scene-MegaPath-Independent-1920_1080-1024spp-12max_depth-RGB.luisa
[2022-05-01 18:39:08] [INFO] ['LuisaRender', 'living-room', 'cuda', 'MegaPath', 'Independent', '(1920, 1080)', 1024, 12, 'RGB', '51.5s']
[2022-05-01 18:39:08] [INFO] C:/OldNew/Graphics-Lab/LuisaCompute/LuisaRender/cmake-build-release/bin/luisa-render-cli.exe    -b dx -d 0 D:\OldNew\LuisaRender\record\RenderPerformance\LuisaRender\living-room\scene-MegaPath-Independent-1920_1080-1024spp-12max_depth-RGB.luisa
[2022-05-01 18:39:37] [INFO] ['LuisaRender', 'living-room', 'directX', 'MegaPath', 'Independent', '(1920, 1080)', 1024, 12, 'RGB', '26.2s']
[2022-05-01 18:39:37] [INFO] C:/OldNew/Graphics-Lab/LuisaCompute/LuisaRender/cmake-build-release/bin/luisa-render-cli.exe    -b cuda -d 0 D:\OldNew\LuisaRender\record\RenderPerformance\LuisaRender\living-room\scene-MegaPath-Independent-1920_1080-1024spp-12max_depth-Spectral.luisa
[2022-05-01 18:41:33] [INFO] ['LuisaRender', 'living-room', 'cuda', 'MegaPath', 'Independent', '(1920, 1080)', 1024, 12, 'Spectral', '108.4s']
[2022-05-01 18:41:33] [INFO] C:/OldNew/Graphics-Lab/LuisaCompute/LuisaRender/cmake-build-release/bin/luisa-render-cli.exe    -b dx -d 0 D:\OldNew\LuisaRender\record\RenderPerformance\LuisaRender\living-room\scene-MegaPath-Independent-1920_1080-1024spp-12max_depth-Spectral.luisa
[2022-05-01 18:42:21] [INFO] ['LuisaRender', 'living-room', 'directX', 'MegaPath', 'Independent', '(1920, 1080)', 1024, 12, 'Spectral', '44.8s']
[2022-05-01 18:42:21] [INFO] C:/OldNew/Graphics-Lab/LuisaCompute/LuisaRender/cmake-build-release/bin/luisa-render-cli.exe    -b cuda -d 0 D:\OldNew\LuisaRender\record\RenderPerformance\LuisaRender\living-room\scene-MegaPath-Independent-1920_1080-1024spp-16max_depth-RGB.luisa
[2022-05-01 18:43:37] [INFO] ['LuisaRender', 'living-room', 'cuda', 'MegaPath', 'Independent', '(1920, 1080)', 1024, 16, 'RGB', '70.3s']
[2022-05-01 18:43:37] [INFO] C:/OldNew/Graphics-Lab/LuisaCompute/LuisaRender/cmake-build-release/bin/luisa-render-cli.exe    -b dx -d 0 D:\OldNew\LuisaRender\record\RenderPerformance\LuisaRender\living-room\scene-MegaPath-Independent-1920_1080-1024spp-16max_depth-RGB.luisa
[2022-05-01 18:44:15] [INFO] ['LuisaRender', 'living-room', 'directX', 'MegaPath', 'Independent', '(1920, 1080)', 1024, 16, 'RGB', '34.7s']
[2022-05-01 18:44:15] [INFO] C:/OldNew/Graphics-Lab/LuisaCompute/LuisaRender/cmake-build-release/bin/luisa-render-cli.exe    -b cuda -d 0 D:\OldNew\LuisaRender\record\RenderPerformance\LuisaRender\living-room\scene-MegaPath-Independent-1920_1080-1024spp-16max_depth-Spectral.luisa
[2022-05-01 18:46:44] [INFO] ['LuisaRender', 'living-room', 'cuda', 'MegaPath', 'Independent', '(1920, 1080)', 1024, 16, 'Spectral', '142.0s']
[2022-05-01 18:46:44] [INFO] C:/OldNew/Graphics-Lab/LuisaCompute/LuisaRender/cmake-build-release/bin/luisa-render-cli.exe    -b dx -d 0 D:\OldNew\LuisaRender\record\RenderPerformance\LuisaRender\living-room\scene-MegaPath-Independent-1920_1080-1024spp-16max_depth-Spectral.luisa
[2022-05-01 18:47:46] [INFO] ['LuisaRender', 'living-room', 'directX', 'MegaPath', 'Independent', '(1920, 1080)', 1024, 16, 'Spectral', '57.9s']
[2022-05-01 18:47:46] [INFO] C:/OldNew/Graphics-Lab/LuisaCompute/LuisaRender/cmake-build-release/bin/luisa-render-cli.exe    -b cuda -d 0 D:\OldNew\LuisaRender\record\RenderPerformance\LuisaRender\spaceship\scene-WavePath-Independent-1920_1080-1024spp-12max_depth-RGB.luisa
[2022-05-01 18:48:07] [INFO] ['LuisaRender', 'spaceship', 'cuda', 'WavePath', 'Independent', '(1920, 1080)', 1024, 12, 'RGB', '13.5s']
[2022-05-01 18:48:07] [INFO] C:/OldNew/Graphics-Lab/LuisaCompute/LuisaRender/cmake-build-release/bin/luisa-render-cli.exe    -b dx -d 0 D:\OldNew\LuisaRender\record\RenderPerformance\LuisaRender\spaceship\scene-WavePath-Independent-1920_1080-1024spp-12max_depth-RGB.luisa
[2022-05-01 18:48:22] [INFO] ['LuisaRender', 'spaceship', 'directX', 'WavePath', 'Independent', '(1920, 1080)', 1024, 12, 'RGB', '11.6s']
[2022-05-01 18:48:22] [INFO] C:/OldNew/Graphics-Lab/LuisaCompute/LuisaRender/cmake-build-release/bin/luisa-render-cli.exe    -b cuda -d 0 D:\OldNew\LuisaRender\record\RenderPerformance\LuisaRender\spaceship\scene-WavePath-Independent-1920_1080-1024spp-12max_depth-Spectral.luisa
[2022-05-01 18:48:51] [INFO] ['LuisaRender', 'spaceship', 'cuda', 'WavePath', 'Independent', '(1920, 1080)', 1024, 12, 'Spectral', '19.8s']
[2022-05-01 18:48:51] [INFO] C:/OldNew/Graphics-Lab/LuisaCompute/LuisaRender/cmake-build-release/bin/luisa-render-cli.exe    -b dx -d 0 D:\OldNew\LuisaRender\record\RenderPerformance\LuisaRender\spaceship\scene-WavePath-Independent-1920_1080-1024spp-12max_depth-Spectral.luisa
[2022-05-01 18:49:13] [INFO] ['LuisaRender', 'spaceship', 'directX', 'WavePath', 'Independent', '(1920, 1080)', 1024, 12, 'Spectral', '17.2s']
[2022-05-01 18:49:13] [INFO] C:/OldNew/Graphics-Lab/LuisaCompute/LuisaRender/cmake-build-release/bin/luisa-render-cli.exe    -b cuda -d 0 D:\OldNew\LuisaRender\record\RenderPerformance\LuisaRender\spaceship\scene-WavePath-Independent-1920_1080-1024spp-16max_depth-RGB.luisa
[2022-05-01 18:49:36] [INFO] ['LuisaRender', 'spaceship', 'cuda', 'WavePath', 'Independent', '(1920, 1080)', 1024, 16, 'RGB', '15.9s']
[2022-05-01 18:49:36] [INFO] C:/OldNew/Graphics-Lab/LuisaCompute/LuisaRender/cmake-build-release/bin/luisa-render-cli.exe    -b dx -d 0 D:\OldNew\LuisaRender\record\RenderPerformance\LuisaRender\spaceship\scene-WavePath-Independent-1920_1080-1024spp-16max_depth-RGB.luisa
[2022-05-01 18:49:52] [INFO] ['LuisaRender', 'spaceship', 'directX', 'WavePath', 'Independent', '(1920, 1080)', 1024, 16, 'RGB', '13.1s']
[2022-05-01 18:49:52] [INFO] C:/OldNew/Graphics-Lab/LuisaCompute/LuisaRender/cmake-build-release/bin/luisa-render-cli.exe    -b cuda -d 0 D:\OldNew\LuisaRender\record\RenderPerformance\LuisaRender\spaceship\scene-WavePath-Independent-1920_1080-1024spp-16max_depth-Spectral.luisa
[2022-05-01 18:50:22] [INFO] ['LuisaRender', 'spaceship', 'cuda', 'WavePath', 'Independent', '(1920, 1080)', 1024, 16, 'Spectral', '22.6s']
[2022-05-01 18:50:22] [INFO] C:/OldNew/Graphics-Lab/LuisaCompute/LuisaRender/cmake-build-release/bin/luisa-render-cli.exe    -b dx -d 0 D:\OldNew\LuisaRender\record\RenderPerformance\LuisaRender\spaceship\scene-WavePath-Independent-1920_1080-1024spp-16max_depth-Spectral.luisa
[2022-05-01 18:50:45] [INFO] ['LuisaRender', 'spaceship', 'directX', 'WavePath', 'Independent', '(1920, 1080)', 1024, 16, 'Spectral', '19.4s']
[2022-05-01 18:50:45] [INFO] C:/OldNew/Graphics-Lab/LuisaCompute/LuisaRender/cmake-build-release/bin/luisa-render-cli.exe    -b cuda -d 0 D:\OldNew\LuisaRender\record\RenderPerformance\LuisaRender\spaceship\scene-MegaPath-Independent-1920_1080-1024spp-12max_depth-RGB.luisa
[2022-05-01 18:51:16] [INFO] ['LuisaRender', 'spaceship', 'cuda', 'MegaPath', 'Independent', '(1920, 1080)', 1024, 12, 'RGB', '24.2s']
[2022-05-01 18:51:16] [INFO] C:/OldNew/Graphics-Lab/LuisaCompute/LuisaRender/cmake-build-release/bin/luisa-render-cli.exe    -b dx -d 0 D:\OldNew\LuisaRender\record\RenderPerformance\LuisaRender\spaceship\scene-MegaPath-Independent-1920_1080-1024spp-12max_depth-RGB.luisa
[2022-05-01 18:51:41] [INFO] ['LuisaRender', 'spaceship', 'directX', 'MegaPath', 'Independent', '(1920, 1080)', 1024, 12, 'RGB', '17.8s']
[2022-05-01 18:51:41] [INFO] C:/OldNew/Graphics-Lab/LuisaCompute/LuisaRender/cmake-build-release/bin/luisa-render-cli.exe    -b cuda -d 0 D:\OldNew\LuisaRender\record\RenderPerformance\LuisaRender\spaceship\scene-MegaPath-Independent-1920_1080-1024spp-12max_depth-Spectral.luisa
[2022-05-01 18:52:48] [INFO] ['LuisaRender', 'spaceship', 'cuda', 'MegaPath', 'Independent', '(1920, 1080)', 1024, 12, 'Spectral', '58.3s']
[2022-05-01 18:52:48] [INFO] C:/OldNew/Graphics-Lab/LuisaCompute/LuisaRender/cmake-build-release/bin/luisa-render-cli.exe    -b dx -d 0 D:\OldNew\LuisaRender\record\RenderPerformance\LuisaRender\spaceship\scene-MegaPath-Independent-1920_1080-1024spp-12max_depth-Spectral.luisa
[2022-05-01 18:53:24] [INFO] ['LuisaRender', 'spaceship', 'directX', 'MegaPath', 'Independent', '(1920, 1080)', 1024, 12, 'Spectral', '32.3s']
[2022-05-01 18:53:24] [INFO] C:/OldNew/Graphics-Lab/LuisaCompute/LuisaRender/cmake-build-release/bin/luisa-render-cli.exe    -b cuda -d 0 D:\OldNew\LuisaRender\record\RenderPerformance\LuisaRender\spaceship\scene-MegaPath-Independent-1920_1080-1024spp-16max_depth-RGB.luisa
[2022-05-01 18:53:58] [INFO] ['LuisaRender', 'spaceship', 'cuda', 'MegaPath', 'Independent', '(1920, 1080)', 1024, 16, 'RGB', '27.6s']
[2022-05-01 18:53:58] [INFO] C:/OldNew/Graphics-Lab/LuisaCompute/LuisaRender/cmake-build-release/bin/luisa-render-cli.exe    -b dx -d 0 D:\OldNew\LuisaRender\record\RenderPerformance\LuisaRender\spaceship\scene-MegaPath-Independent-1920_1080-1024spp-16max_depth-RGB.luisa
[2022-05-01 18:54:25] [INFO] ['LuisaRender', 'spaceship', 'directX', 'MegaPath', 'Independent', '(1920, 1080)', 1024, 16, 'RGB', '20.3s']
[2022-05-01 18:54:25] [INFO] C:/OldNew/Graphics-Lab/LuisaCompute/LuisaRender/cmake-build-release/bin/luisa-render-cli.exe    -b cuda -d 0 D:\OldNew\LuisaRender\record\RenderPerformance\LuisaRender\spaceship\scene-MegaPath-Independent-1920_1080-1024spp-16max_depth-Spectral.luisa
[2022-05-01 18:55:39] [INFO] ['LuisaRender', 'spaceship', 'cuda', 'MegaPath', 'Independent', '(1920, 1080)', 1024, 16, 'Spectral', '65.6s']
[2022-05-01 18:55:39] [INFO] C:/OldNew/Graphics-Lab/LuisaCompute/LuisaRender/cmake-build-release/bin/luisa-render-cli.exe    -b dx -d 0 D:\OldNew\LuisaRender\record\RenderPerformance\LuisaRender\spaceship\scene-MegaPath-Independent-1920_1080-1024spp-16max_depth-Spectral.luisa
[2022-05-01 18:56:19] [INFO] ['LuisaRender', 'spaceship', 'directX', 'MegaPath', 'Independent', '(1920, 1080)', 1024, 16, 'Spectral', '35.5s']
[2022-05-01 18:56:19] [INFO] C:/OldNew/Graphics-Lab/LuisaCompute/LuisaRender/cmake-build-release/bin/luisa-render-cli.exe    -b cuda -d 0 D:\OldNew\LuisaRender\record\RenderPerformance\LuisaRender\staircase\scene-WavePath-Independent-720_1280-1024spp-12max_depth-RGB.luisa
[2022-05-01 18:56:55] [INFO] ['LuisaRender', 'staircase', 'cuda', 'WavePath', 'Independent', '(720, 1280)', 1024, 12, 'RGB', '24.2s']
[2022-05-01 18:56:55] [INFO] C:/OldNew/Graphics-Lab/LuisaCompute/LuisaRender/cmake-build-release/bin/luisa-render-cli.exe    -b dx -d 0 D:\OldNew\LuisaRender\record\RenderPerformance\LuisaRender\staircase\scene-WavePath-Independent-720_1280-1024spp-12max_depth-RGB.luisa
[2022-05-01 20:40:36] [INFO] 
[2022-05-01 20:40:36] [INFO] ===================== start =====================
[2022-05-01 20:40:36] [INFO] C:/OldNew/Graphics-Lab/LuisaCompute/LuisaRender/cmake-build-release/bin/luisa-render-cli.exe    -b cuda -d 0 D:\OldNew\LuisaRender\record\RenderPerformance\LuisaRender\staircase\scene-WavePath-Independent-720_1280-1024spp-12max_depth-RGB.luisa
[2022-05-01 20:41:01] [INFO] ['LuisaRender', 'staircase', 'cuda', 'WavePath', 'Independent', '(720, 1280)', 1024, 12, 'RGB', '22.4s']
[2022-05-01 20:41:01] [INFO] C:/OldNew/Graphics-Lab/LuisaCompute/LuisaRender/cmake-build-release/bin/luisa-render-cli.exe    -b dx -d 0 D:\OldNew\LuisaRender\record\RenderPerformance\LuisaRender\staircase\scene-WavePath-Independent-720_1280-1024spp-12max_depth-RGB.luisa
[2022-05-01 20:41:27] [INFO] ['LuisaRender', 'staircase', 'directX', 'WavePath', 'Independent', '(720, 1280)', 1024, 12, 'RGB', '21.2s']
[2022-05-01 20:41:27] [INFO] C:/OldNew/Graphics-Lab/LuisaCompute/LuisaRender/cmake-build-release/bin/luisa-render-cli.exe    -b cuda -d 0 D:\OldNew\LuisaRender\record\RenderPerformance\LuisaRender\staircase\scene-WavePath-Independent-720_1280-1024spp-12max_depth-Spectral.luisa
[2022-05-01 20:42:14] [INFO] ['LuisaRender', 'staircase', 'cuda', 'WavePath', 'Independent', '(720, 1280)', 1024, 12, 'Spectral', '31.9s']
[2022-05-01 20:42:14] [INFO] C:/OldNew/Graphics-Lab/LuisaCompute/LuisaRender/cmake-build-release/bin/luisa-render-cli.exe    -b dx -d 0 D:\OldNew\LuisaRender\record\RenderPerformance\LuisaRender\staircase\scene-WavePath-Independent-720_1280-1024spp-12max_depth-Spectral.luisa
[2022-05-01 20:42:48] [INFO] ['LuisaRender', 'staircase', 'directX', 'WavePath', 'Independent', '(720, 1280)', 1024, 12, 'Spectral', '28.2s']
[2022-05-01 20:42:48] [INFO] C:/OldNew/Graphics-Lab/LuisaCompute/LuisaRender/cmake-build-release/bin/luisa-render-cli.exe    -b cuda -d 0 D:\OldNew\LuisaRender\record\RenderPerformance\LuisaRender\staircase\scene-WavePath-Independent-720_1280-1024spp-16max_depth-RGB.luisa
[2022-05-01 20:43:30] [INFO] ['LuisaRender', 'staircase', 'cuda', 'WavePath', 'Independent', '(720, 1280)', 1024, 16, 'RGB', '31.3s']
[2022-05-01 20:43:30] [INFO] C:/OldNew/Graphics-Lab/LuisaCompute/LuisaRender/cmake-build-release/bin/luisa-render-cli.exe    -b dx -d 0 D:\OldNew\LuisaRender\record\RenderPerformance\LuisaRender\staircase\scene-WavePath-Independent-720_1280-1024spp-16max_depth-RGB.luisa
[2022-05-01 20:44:04] [INFO] ['LuisaRender', 'staircase', 'directX', 'WavePath', 'Independent', '(720, 1280)', 1024, 16, 'RGB', '29.3s']
[2022-05-01 20:44:04] [INFO] C:/OldNew/Graphics-Lab/LuisaCompute/LuisaRender/cmake-build-release/bin/luisa-render-cli.exe    -b cuda -d 0 D:\OldNew\LuisaRender\record\RenderPerformance\LuisaRender\staircase\scene-WavePath-Independent-720_1280-1024spp-16max_depth-Spectral.luisa
[2022-05-01 20:45:03] [INFO] ['LuisaRender', 'staircase', 'cuda', 'WavePath', 'Independent', '(720, 1280)', 1024, 16, 'Spectral', '44.8s']
[2022-05-01 20:45:03] [INFO] C:/OldNew/Graphics-Lab/LuisaCompute/LuisaRender/cmake-build-release/bin/luisa-render-cli.exe    -b dx -d 0 D:\OldNew\LuisaRender\record\RenderPerformance\LuisaRender\staircase\scene-WavePath-Independent-720_1280-1024spp-16max_depth-Spectral.luisa
[2022-05-01 20:45:46] [INFO] ['LuisaRender', 'staircase', 'directX', 'WavePath', 'Independent', '(720, 1280)', 1024, 16, 'Spectral', '37.9s']
[2022-05-01 20:45:46] [INFO] C:/OldNew/Graphics-Lab/LuisaCompute/LuisaRender/cmake-build-release/bin/luisa-render-cli.exe    -b cuda -d 0 D:\OldNew\LuisaRender\record\RenderPerformance\LuisaRender\staircase\scene-MegaPath-Independent-720_1280-1024spp-12max_depth-RGB.luisa
[2022-05-01 20:46:20] [INFO] ['LuisaRender', 'staircase', 'cuda', 'MegaPath', 'Independent', '(720, 1280)', 1024, 12, 'RGB', '24.0s']
[2022-05-01 20:46:20] [INFO] C:/OldNew/Graphics-Lab/LuisaCompute/LuisaRender/cmake-build-release/bin/luisa-render-cli.exe    -b dx -d 0 D:\OldNew\LuisaRender\record\RenderPerformance\LuisaRender\staircase\scene-MegaPath-Independent-720_1280-1024spp-12max_depth-RGB.luisa
[2022-05-01 20:46:40] [INFO] ['LuisaRender', 'staircase', 'directX', 'MegaPath', 'Independent', '(720, 1280)', 1024, 12, 'RGB', '16.0s']
[2022-05-01 20:46:40] [INFO] C:/OldNew/Graphics-Lab/LuisaCompute/LuisaRender/cmake-build-release/bin/luisa-render-cli.exe    -b cuda -d 0 D:\OldNew\LuisaRender\record\RenderPerformance\LuisaRender\staircase\scene-MegaPath-Independent-720_1280-1024spp-12max_depth-Spectral.luisa
[2022-05-01 20:47:39] [INFO] ['LuisaRender', 'staircase', 'cuda', 'MegaPath', 'Independent', '(720, 1280)', 1024, 12, 'Spectral', '47.2s']
[2022-05-01 20:47:39] [INFO] C:/OldNew/Graphics-Lab/LuisaCompute/LuisaRender/cmake-build-release/bin/luisa-render-cli.exe    -b dx -d 0 D:\OldNew\LuisaRender\record\RenderPerformance\LuisaRender\staircase\scene-MegaPath-Independent-720_1280-1024spp-12max_depth-Spectral.luisa
[2022-05-01 20:48:09] [INFO] ['LuisaRender', 'staircase', 'directX', 'MegaPath', 'Independent', '(720, 1280)', 1024, 12, 'Spectral', '24.3s']
[2022-05-01 20:48:09] [INFO] C:/OldNew/Graphics-Lab/LuisaCompute/LuisaRender/cmake-build-release/bin/luisa-render-cli.exe    -b cuda -d 0 D:\OldNew\LuisaRender\record\RenderPerformance\LuisaRender\staircase\scene-MegaPath-Independent-720_1280-1024spp-16max_depth-RGB.luisa
[2022-05-01 20:48:52] [INFO] ['LuisaRender', 'staircase', 'cuda', 'MegaPath', 'Independent', '(720, 1280)', 1024, 16, 'RGB', '33.7s']
[2022-05-01 20:48:52] [INFO] C:/OldNew/Graphics-Lab/LuisaCompute/LuisaRender/cmake-build-release/bin/luisa-render-cli.exe    -b dx -d 0 D:\OldNew\LuisaRender\record\RenderPerformance\LuisaRender\staircase\scene-MegaPath-Independent-720_1280-1024spp-16max_depth-RGB.luisa
[2022-05-01 20:49:18] [INFO] ['LuisaRender', 'staircase', 'directX', 'MegaPath', 'Independent', '(720, 1280)', 1024, 16, 'RGB', '21.4s']
[2022-05-01 20:49:18] [INFO] C:/OldNew/Graphics-Lab/LuisaCompute/LuisaRender/cmake-build-release/bin/luisa-render-cli.exe    -b cuda -d 0 D:\OldNew\LuisaRender\record\RenderPerformance\LuisaRender\staircase\scene-MegaPath-Independent-720_1280-1024spp-16max_depth-Spectral.luisa
[2022-05-01 20:50:33] [INFO] ['LuisaRender', 'staircase', 'cuda', 'MegaPath', 'Independent', '(720, 1280)', 1024, 16, 'Spectral', '63.3s']
[2022-05-01 20:50:33] [INFO] C:/OldNew/Graphics-Lab/LuisaCompute/LuisaRender/cmake-build-release/bin/luisa-render-cli.exe    -b dx -d 0 D:\OldNew\LuisaRender\record\RenderPerformance\LuisaRender\staircase\scene-MegaPath-Independent-720_1280-1024spp-16max_depth-Spectral.luisa
[2022-05-01 20:51:11] [INFO] ['LuisaRender', 'staircase', 'directX', 'MegaPath', 'Independent', '(720, 1280)', 1024, 16, 'Spectral', '32.8s']
[2022-05-01 20:51:11] [INFO] #################### results ####################
[2022-05-01 20:51:11] [INFO] [['LuisaRender', 'staircase', 'cuda', 'WavePath', 'Independent', '(720, 1280)', 1024, 12, 'RGB', '22.4s'], ['LuisaRender', 'staircase', 'directX', 'WavePath', 'Independent', '(720, 1280)', 1024, 12, 'RGB', '21.2s'], ['LuisaRender', 'staircase', 'cuda', 'WavePath', 'Independent', '(720, 1280)', 1024, 12, 'Spectral', '31.9s'], ['LuisaRender', 'staircase', 'directX', 'WavePath', 'Independent', '(720, 1280)', 1024, 12, 'Spectral', '28.2s'], ['LuisaRender', 'staircase', 'cuda', 'WavePath', 'Independent', '(720, 1280)', 1024, 16, 'RGB', '31.3s'], ['LuisaRender', 'staircase', 'directX', 'WavePath', 'Independent', '(720, 1280)', 1024, 16, 'RGB', '29.3s'], ['LuisaRender', 'staircase', 'cuda', 'WavePath', 'Independent', '(720, 1280)', 1024, 16, 'Spectral', '44.8s'], ['LuisaRender', 'staircase', 'directX', 'WavePath', 'Independent', '(720, 1280)', 1024, 16, 'Spectral', '37.9s'], ['LuisaRender', 'staircase', 'cuda', 'MegaPath', 'Independent', '(720, 1280)', 1024, 12, 'RGB', '24.0s'], ['LuisaRender', 'staircase', 'directX', 'MegaPath', 'Independent', '(720, 1280)', 1024, 12, 'RGB', '16.0s'], ['LuisaRender', 'staircase', 'cuda', 'MegaPath', 'Independent', '(720, 1280)', 1024, 12, 'Spectral', '47.2s'], ['LuisaRender', 'staircase', 'directX', 'MegaPath', 'Independent', '(720, 1280)', 1024, 12, 'Spectral', '24.3s'], ['LuisaRender', 'staircase', 'cuda', 'MegaPath', 'Independent', '(720, 1280)', 1024, 16, 'RGB', '33.7s'], ['LuisaRender', 'staircase', 'directX', 'MegaPath', 'Independent', '(720, 1280)', 1024, 16, 'RGB', '21.4s'], ['LuisaRender', 'staircase', 'cuda', 'MegaPath', 'Independent', '(720, 1280)', 1024, 16, 'Spectral', '63.3s'], ['LuisaRender', 'staircase', 'directX', 'MegaPath', 'Independent', '(720, 1280)', 1024, 16, 'Spectral', '32.8s']]
[2022-05-01 20:51:11] [INFO] #################### results ####################
[2022-05-01 20:51:11] [INFO] ====================== end ======================
[2022-05-01 20:51:11] [INFO] 
